<?xml version="1.0" encoding="UTF-8"?>
<!-- Generated by org.testng.reporters.JUnitReportReporter -->
<testsuite hostname="LAPTOP-9T626G8D" failures="0" tests="1" name="VisualCrossingAPITest" time="4.098" errors="0" timestamp="2023-08-10T03:22:32 IST" skipped="0">
  <testcase classname="VisualCrossingAPITest" name="verifyAPIData" time="4.098"/>
</testsuite> <!-- VisualCrossingAPITest -->
