<?xml version="1.0" encoding="UTF-8"?>
<!-- Generated by org.testng.reporters.JUnitReportReporter -->
<testsuite hostname="LAPTOP-9T626G8D" failures="0" tests="1" name="api.tests.VisualCrossingAPITest" time="3.553" errors="0" timestamp="2023-08-10T03:48:32 IST" skipped="0">
  <testcase classname="api.tests.VisualCrossingAPITest" name="verifyAPIData" time="3.553"/>
</testsuite> <!-- api.tests.VisualCrossingAPITest -->
